\BOOKMARK [0][-]{Doc-Start}{\376\377\123\343\212\146\131\324\124\341\147\003\133\351\133\232\146\370}{}% 1
\BOOKMARK [0][-]{chapter*.1}{\376\377\116\055\145\207\144\130\211\201}{}% 2
\BOOKMARK [0][-]{chapter*.2}{\376\377\202\361\145\207\144\130\211\201}{}% 3
\BOOKMARK [0][-]{chapter*.3}{\376\377\201\364\213\035}{}% 4
\BOOKMARK [0][-]{chapter*.4}{\376\377\000[\0003\000c\000m\000]\000[\000s\000]\166\356\223\004}{}% 5
\BOOKMARK [0][-]{chapter*.5}{\376\377\000[\0004\000c\000m\000]\000[\000s\000]\127\026\166\356\223\004}{}% 6
\BOOKMARK [0][-]{chapter*.6}{\376\377\000[\0004\000c\000m\000]\000[\000s\000]\210\150\166\356\223\004}{}% 7
\BOOKMARK [0][-]{chapter.1}{\376\377\134\016\212\326}{}% 8
\BOOKMARK [1][-]{section.1.1}{\376\377\173\054\116\000\226\216\134\144\133\120\152\031\230\114}{chapter.1}% 9
\BOOKMARK [2][-]{subsection.1.1.1}{\376\377\173\054\116\214\226\216\134\144\133\120\152\031\230\114}{section.1.1}% 10
\BOOKMARK [1][-]{section.1.2}{\376\377\000F\000i\000g\000u\000r\000e}{chapter.1}% 11
\BOOKMARK [1][-]{section.1.3}{\376\377\000T\000a\000b\000l\000e}{chapter.1}% 12
\BOOKMARK [0][-]{chapter.2}{\376\377\166\370\225\334\145\207\163\173\212\016\212\326}{}% 13
\BOOKMARK [1][-]{section.2.1}{\376\377\173\054\116\000\226\216\134\144\133\120\152\031\230\114}{chapter.2}% 14
\BOOKMARK [2][-]{subsection.2.1.1}{\376\377\173\054\116\214\226\216\134\144\133\120\152\031\230\114}{section.2.1}% 15
\BOOKMARK [0][-]{chapter.3}{\376\377\145\271\154\325}{}% 16
\BOOKMARK [1][-]{section.3.1}{\376\377\173\054\116\000\226\216\134\144\133\120\152\031\230\114}{chapter.3}% 17
\BOOKMARK [2][-]{subsection.3.1.1}{\376\377\173\054\116\214\226\216\134\144\133\120\152\031\230\114}{section.3.1}% 18
\BOOKMARK [0][-]{chapter.4}{\376\377\175\120\147\234\202\007\212\016\212\326}{}% 19
\BOOKMARK [1][-]{section.4.1}{\376\377\173\054\116\000\226\216\134\144\133\120\152\031\230\114}{chapter.4}% 20
\BOOKMARK [2][-]{subsection.4.1.1}{\376\377\173\054\116\214\226\216\134\144\133\120\152\031\230\114}{section.4.1}% 21
\BOOKMARK [0][-]{chapter.5}{\376\377\175\120\212\326}{}% 22
\BOOKMARK [1][-]{section.5.1}{\376\377\175\120\212\326}{chapter.5}% 23
\BOOKMARK [1][-]{section.5.2}{\376\377\147\052\117\206\134\125\147\033}{chapter.5}% 24
\BOOKMARK [0][-]{chapter*.7}{\376\377\226\104\223\004\377\041\377\032\173\054\116\000\120\013\226\104\223\004\124\015\172\061}{}% 25
\BOOKMARK [0][-]{chapter*.8}{\376\377\226\104\223\004\377\042\377\032\173\054\116\214\120\013\226\104\223\004\124\015\172\061}{}% 26
\BOOKMARK [0][-]{chapter*.9}{\376\377\173\046\206\137\137\131\175\350}{}% 27
\BOOKMARK [0][-]{chapter*.9}{\376\377\000[\0005\000c\000m\000]\000[\000s\000]\123\303\200\003\145\207\163\173}{}% 28
